# JRE version: OpenJDK Runtime Environment JBR-11.0.15.10-2043.56-jcef (11.0.15+10) (build 11.0.15+10-b2043.56)
# Java VM: OpenJDK 64-Bit Server VM JBR-11.0.15.10-2043.56-jcef (11.0.15+10-b2043.56, mixed mode, tiered, compressed oops, g1 gc, linux-amd64)
Heap:
 garbage-first heap   total 571392K, used 550717K [0x00000000c2200000, 0x0000000100000000)
  region size 1024K, 90 young (92160K), 3 survivors (3072K)
 Metaspace       used 320535K, capacity 331359K, committed 335504K, reserved 1339392K
  class space    used 39947K, capacity 43981K, committed 45312K, reserved 1048576K
GC Heap History (20 events):
Event: 89.918 GC heap before
{Heap before GC invocations=129 (full 0):
 garbage-first heap   total 363520K, used 317250K [0x00000000c2200000, 0x0000000100000000)
  region size 1024K, 40 young (40960K), 3 survivors (3072K)
 Metaspace       used 308435K, capacity 320527K, committed 320784K, reserved 1327104K
  class space    used 39065K, capacity 43787K, committed 43904K, reserved 1048576K
}
Event: 89.925 GC heap after
{Heap after GC invocations=130 (full 0):
 garbage-first heap   total 363520K, used 282034K [0x00000000c2200000, 0x0000000100000000)
  region size 1024K, 5 young (5120K), 5 survivors (5120K)
 Metaspace       used 308435K, capacity 320527K, committed 320784K, reserved 1327104K
  class space    used 39065K, capacity 43787K, committed 43904K, reserved 1048576K
}
Event: 92.861 GC heap before
{Heap before GC invocations=130 (full 0):
 garbage-first heap   total 363520K, used 315826K [0x00000000c2200000, 0x0000000100000000)
  region size 1024K, 35 young (35840K), 5 survivors (5120K)
 Metaspace       used 308979K, capacity 321241K, committed 321552K, reserved 1327104K
  class space    used 39142K, capacity 43895K, committed 43904K, reserved 1048576K
}
Event: 92.869 GC heap after
{Heap after GC invocations=131 (full 0):
 garbage-first heap   total 363520K, used 285062K [0x00000000c2200000, 0x0000000100000000)
  region size 1024K, 1 young (1024K), 1 survivors (1024K)
 Metaspace       used 308979K, capacity 321241K, committed 321552K, reserved 1327104K
  class space    used 39142K, capacity 43895K, committed 43904K, reserved 1048576K
}
Event: 106.831 GC heap before
{Heap before GC invocations=132 (full 0):
 garbage-first heap   total 363520K, used 319878K [0x00000000c2200000, 0x0000000100000000)
  region size 1024K, 35 young (35840K), 1 survivors (1024K)
 Metaspace       used 306194K, capacity 316425K, committed 322192K, reserved 1327104K
  class space    used 38220K, capacity 42056K, committed 44032K, reserved 1048576K
}
Event: 106.837 GC heap after
{Heap after GC invocations=133 (full 0):
 garbage-first heap   total 363520K, used 272150K [0x00000000c2200000, 0x0000000100000000)
  region size 1024K, 2 young (2048K), 2 survivors (2048K)
 Metaspace       used 306194K, capacity 316425K, committed 322192K, reserved 1327104K
  class space    used 38220K, capacity 42056K, committed 44032K, reserved 1048576K
}
Event: 108.087 GC heap before
{Heap before GC invocations=133 (full 0):
 garbage-first heap   total 363520K, used 286486K [0x00000000c2200000, 0x0000000100000000)
  region size 1024K, 17 young (17408K), 2 survivors (2048K)
 Metaspace       used 306246K, capacity 316428K, committed 322192K, reserved 1327104K
  class space    used 38220K, capacity 42056K, committed 44032K, reserved 1048576K
}
Event: 108.098 GC heap after
{Heap after GC invocations=134 (full 0):
 garbage-first heap   total 363520K, used 247305K [0x00000000c2200000, 0x0000000100000000)
  region size 1024K, 2 young (2048K), 2 survivors (2048K)
 Metaspace       used 306246K, capacity 316428K, committed 322192K, reserved 1327104K
  class space    used 38220K, capacity 42056K, committed 44032K, reserved 1048576K
}
Event: 109.740 GC heap before
{Heap before GC invocations=134 (full 0):
 garbage-first heap   total 363520K, used 261641K [0x00000000c2200000, 0x0000000100000000)
  region size 1024K, 17 young (17408K), 2 survivors (2048K)
 Metaspace       used 306285K, capacity 316428K, committed 322192K, reserved 1327104K
  class space    used 38220K, capacity 42056K, committed 44032K, reserved 1048576K
}
Event: 109.767 GC heap after
{Heap after GC invocations=135 (full 0):
 garbage-first heap   total 363520K, used 235382K [0x00000000c2200000, 0x0000000100000000)
  region size 1024K, 3 young (3072K), 3 survivors (3072K)
 Metaspace       used 306285K, capacity 316428K, committed 322192K, reserved 1327104K
  class space    used 38220K, capacity 42056K, committed 44032K, reserved 1048576K
}
Event: 111.626 GC heap before
{Heap before GC invocations=135 (full 0):
 garbage-first heap   total 363520K, used 249718K [0x00000000c2200000, 0x0000000100000000)
  region size 1024K, 17 young (17408K), 3 survivors (3072K)
 Metaspace       used 306369K, capacity 316494K, committed 322448K, reserved 1327104K
  class space    used 38220K, capacity 42056K, committed 44032K, reserved 1048576K
}
Event: 111.650 GC heap after
{Heap after GC invocations=136 (full 0):
 garbage-first heap   total 363520K, used 232833K [0x00000000c2200000, 0x0000000100000000)
  region size 1024K, 1 young (1024K), 1 survivors (1024K)
 Metaspace       used 306369K, capacity 316494K, committed 322448K, reserved 1327104K
  class space    used 38220K, capacity 42056K, committed 44032K, reserved 1048576K
}
Event: 129.071 GC heap before
{Heap before GC invocations=136 (full 0):
 garbage-first heap   total 363520K, used 301441K [0x00000000c2200000, 0x0000000100000000)
  region size 1024K, 67 young (68608K), 1 survivors (1024K)
 Metaspace       used 315178K, capacity 325545K, committed 330896K, reserved 1335296K
  class space    used 39363K, capacity 43271K, committed 45056K, reserved 1048576K
}
Event: 129.080 GC heap after
{Heap after GC invocations=137 (full 0):
 garbage-first heap   total 363520K, used 237756K [0x00000000c2200000, 0x0000000100000000)
  region size 1024K, 6 young (6144K), 6 survivors (6144K)
 Metaspace       used 315178K, capacity 325545K, committed 330896K, reserved 1335296K
  class space    used 39363K, capacity 43271K, committed 45056K, reserved 1048576K
}
Event: 146.025 GC heap before
{Heap before GC invocations=137 (full 0):
 garbage-first heap   total 363520K, used 293052K [0x00000000c2200000, 0x0000000100000000)
  region size 1024K, 61 young (62464K), 6 survivors (6144K)
 Metaspace       used 317052K, capacity 327502K, committed 332688K, reserved 1337344K
  class space    used 39560K, capacity 43470K, committed 45056K, reserved 1048576K
}
Event: 146.034 GC heap after
{Heap after GC invocations=138 (full 0):
 garbage-first heap   total 363520K, used 238896K [0x00000000c2200000, 0x0000000100000000)
  region size 1024K, 2 young (2048K), 2 survivors (2048K)
 Metaspace       used 317052K, capacity 327502K, committed 332688K, reserved 1337344K
  class space    used 39560K, capacity 43470K, committed 45056K, reserved 1048576K
}
Event: 146.923 GC heap before
{Heap before GC invocations=139 (full 0):
 garbage-first heap   total 542720K, used 540976K [0x00000000c2200000, 0x0000000100000000)
  region size 1024K, 50 young (51200K), 2 survivors (2048K)
 Metaspace       used 318904K, capacity 329469K, committed 334096K, reserved 1339392K
  class space    used 39792K, capacity 43739K, committed 45184K, reserved 1048576K
}
Event: 146.930 GC heap after
{Heap after GC invocations=140 (full 0):
 garbage-first heap   total 545792K, used 257539K [0x00000000c2200000, 0x0000000100000000)
  region size 1024K, 3 young (3072K), 3 survivors (3072K)
 Metaspace       used 318904K, capacity 329469K, committed 334096K, reserved 1339392K
  class space    used 39792K, capacity 43739K, committed 45184K, reserved 1048576K
}
Event: 147.107 GC heap before
{Heap before GC invocations=140 (full 0):
 garbage-first heap   total 545792K, used 281091K [0x00000000c2200000, 0x0000000100000000)
  region size 1024K, 26 young (26624K), 3 survivors (3072K)
 Metaspace       used 318926K, capacity 329475K, committed 334096K, reserved 1339392K
  class space    used 39793K, capacity 43740K, committed 45184K, reserved 1048576K
}
Event: 147.119 GC heap after
{Heap after GC invocations=141 (full 0):
 garbage-first heap   total 545792K, used 247613K [0x00000000c2200000, 0x0000000100000000)
  region size 1024K, 3 young (3072K), 3 survivors (3072K)
 Metaspace       used 318926K, capacity 329475K, committed 334096K, reserved 1339392K
  class space    used 39793K, capacity 43740K, committed 45184K, reserved 1048576K
}

