# JRE version: OpenJDK Runtime Environment JBR-11.0.15.10-2043.56-jcef (11.0.15+10) (build 11.0.15+10-b2043.56)
# Java VM: OpenJDK 64-Bit Server VM JBR-11.0.15.10-2043.56-jcef (11.0.15+10-b2043.56, mixed mode, tiered, compressed oops, g1 gc, linux-amd64)
Heap:
 garbage-first heap   total 308224K, used 248418K [0x00000000c2200000, 0x0000000100000000)
  region size 1024K, 42 young (43008K), 2 survivors (2048K)
 Metaspace       used 221149K, capacity 230350K, committed 230552K, reserved 1249280K
  class space    used 27259K, capacity 30891K, committed 30976K, reserved 1048576K
GC Heap History (20 events):
Event: 11.013 GC heap after
{Heap after GC invocations=60 (full 0):
 garbage-first heap   total 254976K, used 182666K [0x00000000c2200000, 0x0000000100000000)
  region size 1024K, 3 young (3072K), 3 survivors (3072K)
 Metaspace       used 216782K, capacity 225698K, committed 225816K, reserved 1245184K
  class space    used 26758K, capacity 30220K, committed 30336K, reserved 1048576K
}
Event: 11.193 GC heap before
{Heap before GC invocations=60 (full 0):
 garbage-first heap   total 254976K, used 216458K [0x00000000c2200000, 0x0000000100000000)
  region size 1024K, 36 young (36864K), 3 survivors (3072K)
 Metaspace       used 216891K, capacity 225897K, committed 226072K, reserved 1245184K
  class space    used 26761K, capacity 30220K, committed 30336K, reserved 1048576K
}
Event: 11.198 GC heap after
{Heap after GC invocations=61 (full 0):
 garbage-first heap   total 254976K, used 185040K [0x00000000c2200000, 0x0000000100000000)
  region size 1024K, 5 young (5120K), 5 survivors (5120K)
 Metaspace       used 216891K, capacity 225897K, committed 226072K, reserved 1245184K
  class space    used 26761K, capacity 30220K, committed 30336K, reserved 1048576K
}
Event: 11.339 GC heap before
{Heap before GC invocations=61 (full 0):
 garbage-first heap   total 254976K, used 216784K [0x00000000c2200000, 0x0000000100000000)
  region size 1024K, 37 young (37888K), 5 survivors (5120K)
 Metaspace       used 217149K, capacity 226217K, committed 226328K, reserved 1245184K
  class space    used 26801K, capacity 30284K, committed 30336K, reserved 1048576K
}
Event: 11.343 GC heap after
{Heap after GC invocations=62 (full 0):
 garbage-first heap   total 254976K, used 188721K [0x00000000c2200000, 0x0000000100000000)
  region size 1024K, 4 young (4096K), 4 survivors (4096K)
 Metaspace       used 217149K, capacity 226217K, committed 226328K, reserved 1245184K
  class space    used 26801K, capacity 30284K, committed 30336K, reserved 1048576K
}
Event: 11.638 GC heap before
{Heap before GC invocations=62 (full 0):
 garbage-first heap   total 254976K, used 224561K [0x00000000c2200000, 0x0000000100000000)
  region size 1024K, 34 young (34816K), 4 survivors (4096K)
 Metaspace       used 218840K, capacity 228031K, committed 228120K, reserved 1247232K
  class space    used 27022K, capacity 30588K, committed 30592K, reserved 1048576K
}
Event: 11.643 GC heap after
{Heap after GC invocations=63 (full 0):
 garbage-first heap   total 254976K, used 191951K [0x00000000c2200000, 0x0000000100000000)
  region size 1024K, 2 young (2048K), 2 survivors (2048K)
 Metaspace       used 218840K, capacity 228031K, committed 228120K, reserved 1247232K
  class space    used 27022K, capacity 30588K, committed 30592K, reserved 1048576K
}
Event: 11.839 GC heap before
{Heap before GC invocations=63 (full 0):
 garbage-first heap   total 254976K, used 225743K [0x00000000c2200000, 0x0000000100000000)
  region size 1024K, 25 young (25600K), 2 survivors (2048K)
 Metaspace       used 219625K, capacity 228868K, committed 229144K, reserved 1247232K
  class space    used 27150K, capacity 30763K, committed 30848K, reserved 1048576K
}
Event: 11.846 GC heap after
{Heap after GC invocations=64 (full 0):
 garbage-first heap   total 254976K, used 191578K [0x00000000c2200000, 0x0000000100000000)
  region size 1024K, 4 young (4096K), 4 survivors (4096K)
 Metaspace       used 219625K, capacity 228868K, committed 229144K, reserved 1247232K
  class space    used 27150K, capacity 30763K, committed 30848K, reserved 1048576K
}
Event: 12.008 GC heap before
{Heap before GC invocations=64 (full 0):
 garbage-first heap   total 254976K, used 224346K [0x00000000c2200000, 0x0000000100000000)
  region size 1024K, 30 young (30720K), 4 survivors (4096K)
 Metaspace       used 219722K, capacity 228945K, committed 229144K, reserved 1247232K
  class space    used 27151K, capacity 30766K, committed 30848K, reserved 1048576K
}
Event: 12.011 GC heap after
{Heap after GC invocations=65 (full 0):
 garbage-first heap   total 254976K, used 195270K [0x00000000c2200000, 0x0000000100000000)
  region size 1024K, 4 young (4096K), 4 survivors (4096K)
 Metaspace       used 219722K, capacity 228945K, committed 229144K, reserved 1247232K
  class space    used 27151K, capacity 30766K, committed 30848K, reserved 1048576K
}
Event: 12.304 GC heap before
{Heap before GC invocations=65 (full 0):
 garbage-first heap   total 254976K, used 249542K [0x00000000c2200000, 0x0000000100000000)
  region size 1024K, 29 young (29696K), 4 survivors (4096K)
 Metaspace       used 220008K, capacity 229172K, committed 229400K, reserved 1247232K
  class space    used 27178K, capacity 30779K, committed 30848K, reserved 1048576K
}
Event: 12.320 GC heap after
{Heap after GC invocations=66 (full 0):
 garbage-first heap   total 257024K, used 198217K [0x00000000c2200000, 0x0000000100000000)
  region size 1024K, 4 young (4096K), 4 survivors (4096K)
 Metaspace       used 220008K, capacity 229172K, committed 229400K, reserved 1247232K
  class space    used 27178K, capacity 30779K, committed 30848K, reserved 1048576K
}
Event: 12.417 GC heap before
{Heap before GC invocations=67 (full 0):
 garbage-first heap   total 257024K, used 226889K [0x00000000c2200000, 0x0000000100000000)
  region size 1024K, 28 young (28672K), 4 survivors (4096K)
 Metaspace       used 220616K, capacity 229810K, committed 229912K, reserved 1249280K
  class space    used 27223K, capacity 30822K, committed 30848K, reserved 1048576K
}
Event: 12.428 GC heap after
{Heap after GC invocations=68 (full 0):
 garbage-first heap   total 257024K, used 211331K [0x00000000c2200000, 0x0000000100000000)
  region size 1024K, 4 young (4096K), 4 survivors (4096K)
 Metaspace       used 220616K, capacity 229810K, committed 229912K, reserved 1249280K
  class space    used 27223K, capacity 30822K, committed 30848K, reserved 1048576K
}
Event: 12.461 GC heap before
{Heap before GC invocations=68 (full 0):
 garbage-first heap   total 257024K, used 219523K [0x00000000c2200000, 0x0000000100000000)
  region size 1024K, 12 young (12288K), 4 survivors (4096K)
 Metaspace       used 220795K, capacity 229945K, committed 230296K, reserved 1249280K
  class space    used 27241K, capacity 30886K, committed 30976K, reserved 1048576K
}
Event: 12.472 GC heap after
{Heap after GC invocations=69 (full 0):
 garbage-first heap   total 257024K, used 206355K [0x00000000c2200000, 0x0000000100000000)
  region size 1024K, 2 young (2048K), 2 survivors (2048K)
 Metaspace       used 220795K, capacity 229945K, committed 230296K, reserved 1249280K
  class space    used 27241K, capacity 30886K, committed 30976K, reserved 1048576K
}
Event: 12.537 GC heap before
{Heap before GC invocations=69 (full 0):
 garbage-first heap   total 257024K, used 219667K [0x00000000c2200000, 0x0000000100000000)
  region size 1024K, 15 young (15360K), 2 survivors (2048K)
 Metaspace       used 221019K, capacity 230150K, committed 230296K, reserved 1249280K
  class space    used 27257K, capacity 30890K, committed 30976K, reserved 1048576K
}
Event: 12.542 GC heap after
{Heap after GC invocations=70 (full 0):
 garbage-first heap   total 308224K, used 207458K [0x00000000c2200000, 0x0000000100000000)
  region size 1024K, 1 young (1024K), 1 survivors (1024K)
 Metaspace       used 221019K, capacity 230150K, committed 230296K, reserved 1249280K
  class space    used 27257K, capacity 30890K, committed 30976K, reserved 1048576K
}
Event: 12.688 GC heap before
{Heap before GC invocations=70 (full 0):
 garbage-first heap   total 308224K, used 248418K [0x00000000c2200000, 0x0000000100000000)
  region size 1024K, 41 young (41984K), 1 survivors (1024K)
 Metaspace       used 221149K, capacity 230350K, committed 230552K, reserved 1249280K
  class space    used 27259K, capacity 30891K, committed 30976K, reserved 1048576K
}

