# JRE version: OpenJDK Runtime Environment JBR-11.0.15.10-2043.56-jcef (11.0.15+10) (build 11.0.15+10-b2043.56)
# Java VM: OpenJDK 64-Bit Server VM JBR-11.0.15.10-2043.56-jcef (11.0.15+10-b2043.56, mixed mode, tiered, compressed oops, g1 gc, linux-amd64)
Heap:
 garbage-first heap   total 514048K, used 360010K [0x00000000c2200000, 0x0000000100000000)
  region size 1024K, 97 young (99328K), 2 survivors (2048K)
 Metaspace       used 356649K, capacity 369182K, committed 373836K, reserved 1374208K
  class space    used 42891K, capacity 47679K, committed 49228K, reserved 1048576K
GC Heap History (20 events):
Event: 9897.499 GC heap before
{Heap before GC invocations=195 (full 0):
 garbage-first heap   total 514048K, used 439087K [0x00000000c2200000, 0x0000000100000000)
  region size 1024K, 190 young (194560K), 1 survivors (1024K)
 Metaspace       used 356162K, capacity 368750K, committed 373196K, reserved 1374208K
  class space    used 42853K, capacity 47638K, committed 49100K, reserved 1048576K
}
Event: 9897.521 GC heap after
{Heap after GC invocations=196 (full 0):
 garbage-first heap   total 514048K, used 245347K [0x00000000c2200000, 0x0000000100000000)
  region size 1024K, 1 young (1024K), 1 survivors (1024K)
 Metaspace       used 356162K, capacity 368750K, committed 373196K, reserved 1374208K
  class space    used 42853K, capacity 47638K, committed 49100K, reserved 1048576K
}
Event: 11288.949 GC heap before
{Heap before GC invocations=197 (full 0):
 garbage-first heap   total 514048K, used 440931K [0x00000000c2200000, 0x0000000100000000)
  region size 1024K, 192 young (196608K), 1 survivors (1024K)
 Metaspace       used 355991K, capacity 368530K, committed 373196K, reserved 1374208K
  class space    used 42821K, capacity 47578K, committed 49100K, reserved 1048576K
}
Event: 11288.962 GC heap after
{Heap after GC invocations=198 (full 0):
 garbage-first heap   total 514048K, used 247534K [0x00000000c2200000, 0x0000000100000000)
  region size 1024K, 3 young (3072K), 3 survivors (3072K)
 Metaspace       used 355991K, capacity 368530K, committed 373196K, reserved 1374208K
  class space    used 42821K, capacity 47578K, committed 49100K, reserved 1048576K
}
Event: 11428.534 GC heap before
{Heap before GC invocations=198 (full 0):
 garbage-first heap   total 514048K, used 270062K [0x00000000c2200000, 0x0000000100000000)
  region size 1024K, 25 young (25600K), 3 survivors (3072K)
 Metaspace       used 355992K, capacity 368530K, committed 373196K, reserved 1374208K
  class space    used 42821K, capacity 47578K, committed 49100K, reserved 1048576K
}
Event: 11428.555 GC heap after
{Heap after GC invocations=199 (full 0):
 garbage-first heap   total 514048K, used 245594K [0x00000000c2200000, 0x0000000100000000)
  region size 1024K, 1 young (1024K), 1 survivors (1024K)
 Metaspace       used 355992K, capacity 368530K, committed 373196K, reserved 1374208K
  class space    used 42821K, capacity 47578K, committed 49100K, reserved 1048576K
}
Event: 12908.132 GC heap before
{Heap before GC invocations=199 (full 0):
 garbage-first heap   total 514048K, used 441178K [0x00000000c2200000, 0x0000000100000000)
  region size 1024K, 192 young (196608K), 1 survivors (1024K)
 Metaspace       used 356053K, capacity 368530K, committed 373196K, reserved 1374208K
  class space    used 42821K, capacity 47578K, committed 49100K, reserved 1048576K
}
Event: 12908.137 GC heap after
{Heap after GC invocations=200 (full 0):
 garbage-first heap   total 514048K, used 245419K [0x00000000c2200000, 0x0000000100000000)
  region size 1024K, 1 young (1024K), 1 survivors (1024K)
 Metaspace       used 356053K, capacity 368530K, committed 373196K, reserved 1374208K
  class space    used 42821K, capacity 47578K, committed 49100K, reserved 1048576K
}
Event: 14367.742 GC heap before
{Heap before GC invocations=201 (full 0):
 garbage-first heap   total 514048K, used 443051K [0x00000000c2200000, 0x0000000100000000)
  region size 1024K, 194 young (198656K), 1 survivors (1024K)
 Metaspace       used 355974K, capacity 368392K, committed 373196K, reserved 1374208K
  class space    used 42804K, capacity 47546K, committed 49100K, reserved 1048576K
}
Event: 14367.748 GC heap after
{Heap after GC invocations=202 (full 0):
 garbage-first heap   total 514048K, used 246331K [0x00000000c2200000, 0x0000000100000000)
  region size 1024K, 2 young (2048K), 2 survivors (2048K)
 Metaspace       used 355974K, capacity 368392K, committed 373196K, reserved 1374208K
  class space    used 42804K, capacity 47546K, committed 49100K, reserved 1048576K
}
Event: 14497.788 GC heap before
{Heap before GC invocations=202 (full 0):
 garbage-first heap   total 514048K, used 269883K [0x00000000c2200000, 0x0000000100000000)
  region size 1024K, 25 young (25600K), 2 survivors (2048K)
 Metaspace       used 355999K, capacity 368404K, committed 373196K, reserved 1374208K
  class space    used 42805K, capacity 47548K, committed 49100K, reserved 1048576K
}
Event: 14497.794 GC heap after
{Heap after GC invocations=203 (full 0):
 garbage-first heap   total 514048K, used 242900K [0x00000000c2200000, 0x0000000100000000)
  region size 1024K, 2 young (2048K), 2 survivors (2048K)
 Metaspace       used 355999K, capacity 368404K, committed 373196K, reserved 1374208K
  class space    used 42805K, capacity 47548K, committed 49100K, reserved 1048576K
}
Event: 16012.895 GC heap before
{Heap before GC invocations=203 (full 0):
 garbage-first heap   total 514048K, used 447700K [0x00000000c2200000, 0x0000000100000000)
  region size 1024K, 202 young (206848K), 2 survivors (2048K)
 Metaspace       used 356034K, capacity 368468K, committed 373196K, reserved 1374208K
  class space    used 42805K, capacity 47548K, committed 49100K, reserved 1048576K
}
Event: 16012.911 GC heap after
{Heap after GC invocations=204 (full 0):
 garbage-first heap   total 514048K, used 242898K [0x00000000c2200000, 0x0000000100000000)
  region size 1024K, 2 young (2048K), 2 survivors (2048K)
 Metaspace       used 356034K, capacity 368468K, committed 373196K, reserved 1374208K
  class space    used 42805K, capacity 47548K, committed 49100K, reserved 1048576K
}
Event: 17532.780 GC heap before
{Heap before GC invocations=205 (full 0):
 garbage-first heap   total 514048K, used 448722K [0x00000000c2200000, 0x0000000100000000)
  region size 1024K, 203 young (207872K), 2 survivors (2048K)
 Metaspace       used 356039K, capacity 368468K, committed 373196K, reserved 1374208K
  class space    used 42805K, capacity 47548K, committed 49100K, reserved 1048576K
}
Event: 17532.786 GC heap after
{Heap after GC invocations=206 (full 0):
 garbage-first heap   total 514048K, used 244009K [0x00000000c2200000, 0x0000000100000000)
  region size 1024K, 3 young (3072K), 3 survivors (3072K)
 Metaspace       used 356039K, capacity 368468K, committed 373196K, reserved 1374208K
  class space    used 42805K, capacity 47548K, committed 49100K, reserved 1048576K
}
Event: 17709.413 GC heap before
{Heap before GC invocations=206 (full 0):
 garbage-first heap   total 514048K, used 266537K [0x00000000c2200000, 0x0000000100000000)
  region size 1024K, 25 young (25600K), 3 survivors (3072K)
 Metaspace       used 356040K, capacity 368468K, committed 373196K, reserved 1374208K
  class space    used 42805K, capacity 47548K, committed 49100K, reserved 1048576K
}
Event: 17709.422 GC heap after
{Heap after GC invocations=207 (full 0):
 garbage-first heap   total 514048K, used 242606K [0x00000000c2200000, 0x0000000100000000)
  region size 1024K, 2 young (2048K), 2 survivors (2048K)
 Metaspace       used 356040K, capacity 368468K, committed 373196K, reserved 1374208K
  class space    used 42805K, capacity 47548K, committed 49100K, reserved 1048576K
}
Event: 19189.556 GC heap before
{Heap before GC invocations=207 (full 0):
 garbage-first heap   total 514048K, used 448430K [0x00000000c2200000, 0x0000000100000000)
  region size 1024K, 205 young (209920K), 2 survivors (2048K)
 Metaspace       used 356122K, capacity 368546K, committed 373452K, reserved 1374208K
  class space    used 42809K, capacity 47551K, committed 49100K, reserved 1048576K
}
Event: 19189.587 GC heap after
{Heap after GC invocations=208 (full 0):
 garbage-first heap   total 514048K, used 243274K [0x00000000c2200000, 0x0000000100000000)
  region size 1024K, 2 young (2048K), 2 survivors (2048K)
 Metaspace       used 356122K, capacity 368546K, committed 373452K, reserved 1374208K
  class space    used 42809K, capacity 47551K, committed 49100K, reserved 1048576K
}

