# JRE version: OpenJDK Runtime Environment JBR-11.0.15.10-2043.56-jcef (11.0.15+10) (build 11.0.15+10-b2043.56)
# Java VM: OpenJDK 64-Bit Server VM JBR-11.0.15.10-2043.56-jcef (11.0.15+10-b2043.56, mixed mode, tiered, compressed oops, g1 gc, linux-amd64)
Heap:
 garbage-first heap   total 472064K, used 377157K [0x00000000c2200000, 0x0000000100000000)
  region size 1024K, 136 young (139264K), 5 survivors (5120K)
 Metaspace       used 263683K, capacity 274594K, committed 274916K, reserved 1288192K
  class space    used 32062K, capacity 36275K, committed 36352K, reserved 1048576K
GC Heap History (20 events):
Event: 19.264 GC heap before
{Heap before GC invocations=93 (full 0):
 garbage-first heap   total 375808K, used 323539K [0x00000000c2200000, 0x0000000100000000)
  region size 1024K, 100 young (102400K), 4 survivors (4096K)
 Metaspace       used 248570K, capacity 258849K, committed 259172K, reserved 1273856K
  class space    used 30199K, capacity 34072K, committed 34176K, reserved 1048576K
}
Event: 19.271 GC heap after
{Heap after GC invocations=94 (full 0):
 garbage-first heap   total 375808K, used 223392K [0x00000000c2200000, 0x0000000100000000)
  region size 1024K, 5 young (5120K), 5 survivors (5120K)
 Metaspace       used 248570K, capacity 258849K, committed 259172K, reserved 1273856K
  class space    used 30199K, capacity 34072K, committed 34176K, reserved 1048576K
}
Event: 19.572 GC heap before
{Heap before GC invocations=94 (full 0):
 garbage-first heap   total 375808K, used 323744K [0x00000000c2200000, 0x0000000100000000)
  region size 1024K, 102 young (104448K), 5 survivors (5120K)
 Metaspace       used 248595K, capacity 258849K, committed 259172K, reserved 1273856K
  class space    used 30199K, capacity 34072K, committed 34176K, reserved 1048576K
}
Event: 19.578 GC heap after
{Heap after GC invocations=95 (full 0):
 garbage-first heap   total 375808K, used 224432K [0x00000000c2200000, 0x0000000100000000)
  region size 1024K, 6 young (6144K), 6 survivors (6144K)
 Metaspace       used 248595K, capacity 258849K, committed 259172K, reserved 1273856K
  class space    used 30199K, capacity 34072K, committed 34176K, reserved 1048576K
}
Event: 19.976 GC heap before
{Heap before GC invocations=95 (full 0):
 garbage-first heap   total 375808K, used 324784K [0x00000000c2200000, 0x0000000100000000)
  region size 1024K, 104 young (106496K), 6 survivors (6144K)
 Metaspace       used 248680K, capacity 258913K, committed 259172K, reserved 1273856K
  class space    used 30199K, capacity 34072K, committed 34176K, reserved 1048576K
}
Event: 19.982 GC heap after
{Heap after GC invocations=96 (full 0):
 garbage-first heap   total 375808K, used 225770K [0x00000000c2200000, 0x0000000100000000)
  region size 1024K, 7 young (7168K), 7 survivors (7168K)
 Metaspace       used 248680K, capacity 258913K, committed 259172K, reserved 1273856K
  class space    used 30199K, capacity 34072K, committed 34176K, reserved 1048576K
}
Event: 21.338 GC heap before
{Heap before GC invocations=96 (full 0):
 garbage-first heap   total 375808K, used 339434K [0x00000000c2200000, 0x0000000100000000)
  region size 1024K, 105 young (107520K), 7 survivors (7168K)
 Metaspace       used 248846K, capacity 259131K, committed 259428K, reserved 1273856K
  class space    used 30206K, capacity 34078K, committed 34176K, reserved 1048576K
}
Event: 21.343 GC heap after
{Heap after GC invocations=97 (full 0):
 garbage-first heap   total 375808K, used 226202K [0x00000000c2200000, 0x0000000100000000)
  region size 1024K, 8 young (8192K), 8 survivors (8192K)
 Metaspace       used 248846K, capacity 259131K, committed 259428K, reserved 1273856K
  class space    used 30206K, capacity 34078K, committed 34176K, reserved 1048576K
}
Event: 22.580 GC heap before
{Heap before GC invocations=97 (full 0):
 garbage-first heap   total 375808K, used 338842K [0x00000000c2200000, 0x0000000100000000)
  region size 1024K, 106 young (108544K), 8 survivors (8192K)
 Metaspace       used 248901K, capacity 259195K, committed 259428K, reserved 1273856K
  class space    used 30206K, capacity 34078K, committed 34176K, reserved 1048576K
}
Event: 22.586 GC heap after
{Heap after GC invocations=98 (full 0):
 garbage-first heap   total 375808K, used 226432K [0x00000000c2200000, 0x0000000100000000)
  region size 1024K, 8 young (8192K), 8 survivors (8192K)
 Metaspace       used 248901K, capacity 259195K, committed 259428K, reserved 1273856K
  class space    used 30206K, capacity 34078K, committed 34176K, reserved 1048576K
}
Event: 23.088 GC heap before
{Heap before GC invocations=98 (full 0):
 garbage-first heap   total 375808K, used 285824K [0x00000000c2200000, 0x0000000100000000)
  region size 1024K, 51 young (52224K), 8 survivors (8192K)
 Metaspace       used 249137K, capacity 259451K, committed 259684K, reserved 1275904K
  class space    used 30236K, capacity 34119K, committed 34176K, reserved 1048576K
}
Event: 23.097 GC heap after
{Heap after GC invocations=99 (full 0):
 garbage-first heap   total 375808K, used 232042K [0x00000000c2200000, 0x0000000100000000)
  region size 1024K, 8 young (8192K), 8 survivors (8192K)
 Metaspace       used 249137K, capacity 259451K, committed 259684K, reserved 1275904K
  class space    used 30236K, capacity 34119K, committed 34176K, reserved 1048576K
}
Event: 23.508 GC heap before
{Heap before GC invocations=100 (full 0):
 garbage-first heap   total 462848K, used 461418K [0x00000000c2200000, 0x0000000100000000)
  region size 1024K, 34 young (34816K), 8 survivors (8192K)
 Metaspace       used 249830K, capacity 260133K, committed 260196K, reserved 1275904K
  class space    used 30300K, capacity 34168K, committed 34176K, reserved 1048576K
}
Event: 23.522 GC heap after
{Heap after GC invocations=101 (full 0):
 garbage-first heap   total 472064K, used 227802K [0x00000000c2200000, 0x0000000100000000)
  region size 1024K, 7 young (7168K), 7 survivors (7168K)
 Metaspace       used 249830K, capacity 260133K, committed 260196K, reserved 1275904K
  class space    used 30300K, capacity 34168K, committed 34176K, reserved 1048576K
}
Event: 23.710 GC heap before
{Heap before GC invocations=101 (full 0):
 garbage-first heap   total 472064K, used 247258K [0x00000000c2200000, 0x0000000100000000)
  region size 1024K, 23 young (23552K), 7 survivors (7168K)
 Metaspace       used 249830K, capacity 260133K, committed 260196K, reserved 1275904K
  class space    used 30300K, capacity 34168K, committed 34176K, reserved 1048576K
}
Event: 23.717 GC heap after
{Heap after GC invocations=102 (full 0):
 garbage-first heap   total 472064K, used 226861K [0x00000000c2200000, 0x0000000100000000)
  region size 1024K, 2 young (2048K), 2 survivors (2048K)
 Metaspace       used 249830K, capacity 260133K, committed 260196K, reserved 1275904K
  class space    used 30300K, capacity 34168K, committed 34176K, reserved 1048576K
}
Event: 25.059 GC heap before
{Heap before GC invocations=102 (full 0):
 garbage-first heap   total 472064K, used 365101K [0x00000000c2200000, 0x0000000100000000)
  region size 1024K, 121 young (123904K), 2 survivors (2048K)
 Metaspace       used 250100K, capacity 260443K, committed 260580K, reserved 1275904K
  class space    used 30312K, capacity 34203K, committed 34304K, reserved 1048576K
}
Event: 25.065 GC heap after
{Heap after GC invocations=103 (full 0):
 garbage-first heap   total 472064K, used 227449K [0x00000000c2200000, 0x0000000100000000)
  region size 1024K, 3 young (3072K), 3 survivors (3072K)
 Metaspace       used 250100K, capacity 260443K, committed 260580K, reserved 1275904K
  class space    used 30312K, capacity 34203K, committed 34304K, reserved 1048576K
}
Event: 26.539 GC heap before
{Heap before GC invocations=103 (full 0):
 garbage-first heap   total 472064K, used 402553K [0x00000000c2200000, 0x0000000100000000)
  region size 1024K, 131 young (134144K), 3 survivors (3072K)
 Metaspace       used 256638K, capacity 267190K, committed 267620K, reserved 1282048K
  class space    used 31240K, capacity 35337K, committed 35456K, reserved 1048576K
}
Event: 26.545 GC heap after
{Heap after GC invocations=104 (full 0):
 garbage-first heap   total 472064K, used 229701K [0x00000000c2200000, 0x0000000100000000)
  region size 1024K, 5 young (5120K), 5 survivors (5120K)
 Metaspace       used 256638K, capacity 267190K, committed 267620K, reserved 1282048K
  class space    used 31240K, capacity 35337K, committed 35456K, reserved 1048576K
}

